<?xml version="1.0" encoding="UTF-8"?>
<testng-results ignored="0" total="5" passed="5" failed="0" skipped="0">
  <reporter-output>
  </reporter-output>
  <suite started-at="2022-12-13T23:00:18 IST" name="Suite" finished-at="2022-12-13T23:01:38 IST" duration-ms="79718">
    <groups>
      <group name="cucumber">
        <method signature="AbstractTestNGCucumberTests.runScenario(io.cucumber.testng.PickleWrapper,io.cucumber.testng.FeatureWrapper)[pri:0, instance:com.runner.RunerClass@6fd83fc1]" name="runScenario" class="io.cucumber.testng.AbstractTestNGCucumberTests"/>
      </group> <!-- cucumber -->
    </groups>
    <test started-at="2022-12-13T23:00:18 IST" name="Test" finished-at="2022-12-13T23:01:38 IST" duration-ms="79718">
      <class name="com.runner.RunerClass">
        <test-method is-config="true" signature="setUpClass(org.testng.ITestContext)[pri:0, instance:com.runner.RunerClass@6fd83fc1]" started-at="2022-12-13T23:00:18 IST" name="setUpClass" finished-at="2022-12-13T23:00:19 IST" duration-ms="1071" status="PASS">
          <params>
            <param index="0">
              <value>
                <![CDATA[org.testng.TestRunner@7ed7ae]]>
              </value>
            </param>
          </params>
          <reporter-output>
          </reporter-output>
        </test-method> <!-- setUpClass -->
        <test-method signature="runScenario(io.cucumber.testng.PickleWrapper,io.cucumber.testng.FeatureWrapper)[pri:0, instance:com.runner.RunerClass@6fd83fc1]" started-at="2022-12-13T23:00:19 IST" name="runScenario" description="Runs Cucumber Scenarios" data-provider="scenarios" finished-at="2022-12-13T23:00:55 IST" duration-ms="36158" status="PASS">
          <params>
            <param index="0">
              <value>
                <![CDATA["Create New Work order"]]>
              </value>
            </param>
            <param index="1">
              <value>
                <![CDATA["Home Page"]]>
              </value>
            </param>
          </params>
          <reporter-output>
          </reporter-output>
        </test-method> <!-- runScenario -->
        <test-method signature="runScenario(io.cucumber.testng.PickleWrapper,io.cucumber.testng.FeatureWrapper)[pri:0, instance:com.runner.RunerClass@6fd83fc1]" started-at="2022-12-13T23:00:55 IST" name="runScenario" description="Runs Cucumber Scenarios" data-provider="scenarios" finished-at="2022-12-13T23:01:09 IST" duration-ms="13854" status="PASS">
          <params>
            <param index="0">
              <value>
                <![CDATA["Create New Work order"]]>
              </value>
            </param>
            <param index="1">
              <value>
                <![CDATA["Home Page"]]>
              </value>
            </param>
          </params>
          <reporter-output>
          </reporter-output>
        </test-method> <!-- runScenario -->
        <test-method signature="runScenario(io.cucumber.testng.PickleWrapper,io.cucumber.testng.FeatureWrapper)[pri:0, instance:com.runner.RunerClass@6fd83fc1]" started-at="2022-12-13T23:01:09 IST" name="runScenario" description="Runs Cucumber Scenarios" data-provider="scenarios" finished-at="2022-12-13T23:01:22 IST" duration-ms="13521" status="PASS">
          <params>
            <param index="0">
              <value>
                <![CDATA["Create New Work order"]]>
              </value>
            </param>
            <param index="1">
              <value>
                <![CDATA["Home Page"]]>
              </value>
            </param>
          </params>
          <reporter-output>
          </reporter-output>
        </test-method> <!-- runScenario -->
        <test-method signature="runScenario(io.cucumber.testng.PickleWrapper,io.cucumber.testng.FeatureWrapper)[pri:0, instance:com.runner.RunerClass@6fd83fc1]" started-at="2022-12-13T23:01:22 IST" name="runScenario" description="Runs Cucumber Scenarios" data-provider="scenarios" finished-at="2022-12-13T23:01:33 IST" duration-ms="10075" status="PASS">
          <params>
            <param index="0">
              <value>
                <![CDATA["Login with correct creds"]]>
              </value>
            </param>
            <param index="1">
              <value>
                <![CDATA["PPW Login Page"]]>
              </value>
            </param>
          </params>
          <reporter-output>
          </reporter-output>
        </test-method> <!-- runScenario -->
        <test-method signature="runScenario(io.cucumber.testng.PickleWrapper,io.cucumber.testng.FeatureWrapper)[pri:0, instance:com.runner.RunerClass@6fd83fc1]" started-at="2022-12-13T23:01:33 IST" name="runScenario" description="Runs Cucumber Scenarios" data-provider="scenarios" finished-at="2022-12-13T23:01:37 IST" duration-ms="4785" status="PASS">
          <params>
            <param index="0">
              <value>
                <![CDATA["Term of service link click"]]>
              </value>
            </param>
            <param index="1">
              <value>
                <![CDATA["PPW Login Page"]]>
              </value>
            </param>
          </params>
          <reporter-output>
          </reporter-output>
        </test-method> <!-- runScenario -->
        <test-method is-config="true" signature="tearDownClass()[pri:0, instance:com.runner.RunerClass@6fd83fc1]" started-at="2022-12-13T23:01:37 IST" name="tearDownClass" finished-at="2022-12-13T23:01:37 IST" duration-ms="188" status="PASS">
          <reporter-output>
          </reporter-output>
        </test-method> <!-- tearDownClass -->
      </class> <!-- com.runner.RunerClass -->
    </test> <!-- Test -->
  </suite> <!-- Suite -->
</testng-results>
