<?xml version="1.0" encoding="UTF-8"?>
<testng-results ignored="0" total="5" passed="5" failed="0" skipped="0">
  <reporter-output>
  </reporter-output>
  <suite started-at="2022-12-13T22:08:26 IST" name="Suite" finished-at="2022-12-13T22:09:46 IST" duration-ms="80032">
    <groups>
      <group name="cucumber">
        <method signature="AbstractTestNGCucumberTests.runScenario(io.cucumber.testng.PickleWrapper,io.cucumber.testng.FeatureWrapper)[pri:0, instance:com.runner.RunerClass@7526515b]" name="runScenario" class="io.cucumber.testng.AbstractTestNGCucumberTests"/>
      </group> <!-- cucumber -->
    </groups>
    <test started-at="2022-12-13T22:08:26 IST" name="Test" finished-at="2022-12-13T22:09:46 IST" duration-ms="80032">
      <class name="com.runner.RunerClass">
        <test-method is-config="true" signature="setUpClass(org.testng.ITestContext)[pri:0, instance:com.runner.RunerClass@7526515b]" started-at="2022-12-13T22:08:26 IST" name="setUpClass" finished-at="2022-12-13T22:08:28 IST" duration-ms="1406" status="PASS">
          <params>
            <param index="0">
              <value>
                <![CDATA[org.testng.TestRunner@4b3ad7ca]]>
              </value>
            </param>
          </params>
          <reporter-output>
          </reporter-output>
        </test-method> <!-- setUpClass -->
        <test-method signature="runScenario(io.cucumber.testng.PickleWrapper,io.cucumber.testng.FeatureWrapper)[pri:0, instance:com.runner.RunerClass@7526515b]" started-at="2022-12-13T22:08:28 IST" name="runScenario" description="Runs Cucumber Scenarios" data-provider="scenarios" finished-at="2022-12-13T22:09:05 IST" duration-ms="37111" status="PASS">
          <params>
            <param index="0">
              <value>
                <![CDATA["Create New Work order"]]>
              </value>
            </param>
            <param index="1">
              <value>
                <![CDATA["Home Page"]]>
              </value>
            </param>
          </params>
          <reporter-output>
          </reporter-output>
        </test-method> <!-- runScenario -->
        <test-method signature="runScenario(io.cucumber.testng.PickleWrapper,io.cucumber.testng.FeatureWrapper)[pri:0, instance:com.runner.RunerClass@7526515b]" started-at="2022-12-13T22:09:05 IST" name="runScenario" description="Runs Cucumber Scenarios" data-provider="scenarios" finished-at="2022-12-13T22:09:17 IST" duration-ms="12632" status="PASS">
          <params>
            <param index="0">
              <value>
                <![CDATA["Create New Work order"]]>
              </value>
            </param>
            <param index="1">
              <value>
                <![CDATA["Home Page"]]>
              </value>
            </param>
          </params>
          <reporter-output>
          </reporter-output>
        </test-method> <!-- runScenario -->
        <test-method signature="runScenario(io.cucumber.testng.PickleWrapper,io.cucumber.testng.FeatureWrapper)[pri:0, instance:com.runner.RunerClass@7526515b]" started-at="2022-12-13T22:09:17 IST" name="runScenario" description="Runs Cucumber Scenarios" data-provider="scenarios" finished-at="2022-12-13T22:09:30 IST" duration-ms="13193" status="PASS">
          <params>
            <param index="0">
              <value>
                <![CDATA["Create New Work order"]]>
              </value>
            </param>
            <param index="1">
              <value>
                <![CDATA["Home Page"]]>
              </value>
            </param>
          </params>
          <reporter-output>
          </reporter-output>
        </test-method> <!-- runScenario -->
        <test-method signature="runScenario(io.cucumber.testng.PickleWrapper,io.cucumber.testng.FeatureWrapper)[pri:0, instance:com.runner.RunerClass@7526515b]" started-at="2022-12-13T22:09:30 IST" name="runScenario" description="Runs Cucumber Scenarios" data-provider="scenarios" finished-at="2022-12-13T22:09:41 IST" duration-ms="10215" status="PASS">
          <params>
            <param index="0">
              <value>
                <![CDATA["Login with correct creds"]]>
              </value>
            </param>
            <param index="1">
              <value>
                <![CDATA["PPW Login Page"]]>
              </value>
            </param>
          </params>
          <reporter-output>
          </reporter-output>
        </test-method> <!-- runScenario -->
        <test-method signature="runScenario(io.cucumber.testng.PickleWrapper,io.cucumber.testng.FeatureWrapper)[pri:0, instance:com.runner.RunerClass@7526515b]" started-at="2022-12-13T22:09:41 IST" name="runScenario" description="Runs Cucumber Scenarios" data-provider="scenarios" finished-at="2022-12-13T22:09:46 IST" duration-ms="5324" status="PASS">
          <params>
            <param index="0">
              <value>
                <![CDATA["Term of service link click"]]>
              </value>
            </param>
            <param index="1">
              <value>
                <![CDATA["PPW Login Page"]]>
              </value>
            </param>
          </params>
          <reporter-output>
          </reporter-output>
        </test-method> <!-- runScenario -->
        <test-method is-config="true" signature="tearDownClass()[pri:0, instance:com.runner.RunerClass@7526515b]" started-at="2022-12-13T22:09:46 IST" name="tearDownClass" finished-at="2022-12-13T22:09:46 IST" duration-ms="91" status="PASS">
          <reporter-output>
          </reporter-output>
        </test-method> <!-- tearDownClass -->
      </class> <!-- com.runner.RunerClass -->
    </test> <!-- Test -->
  </suite> <!-- Suite -->
</testng-results>
